\BOOKMARK [0][-]{chapter.1}{\376\377\000S\000e\000e\000n\000s\000a}{}% 1
\BOOKMARK [0][-]{chapter.2}{\376\377\000X\000i\000n\000s\000a\000g\000a}{}% 2
\BOOKMARK [1][-]{section.2.1}{\376\377\000Q\000a\000a\000m\000o\000l\000e\000e\000\040\000s\000a\000g\000a\000l\000e\000e\000\040\000d\000u\000b\000b\000i\000i}{chapter.2}% 3
\BOOKMARK [1][-]{section.2.2}{\376\377\000D\000u\000b\000b\000i\000f\000a\000m\000t\000o\000o\000t\000a}{chapter.2}% 4
\BOOKMARK [1][-]{section.2.3}{\376\377\000D\000u\000b\000b\000a\000c\000h\000i\000i\000f\000t\000o\000t\000a}{chapter.2}% 5
\BOOKMARK [0][-]{chapter.3}{\376\377\000X\000i\000n\000d\000h\000a\000m\000s\000a\000g\000a}{}% 6
\BOOKMARK [1][-]{section.3.1}{\376\377\000A\000d\000d\000e\000e\000s\000s\000a\000\040\000D\000u\000b\000b\000i\000f\000a\000m\000t\000o\000o\000t\000a\000a}{chapter.3}% 7
\BOOKMARK [2][-]{subsection.3.1.1}{\376\377\000C\000i\000m\000d\000i\000i\000\040\000D\000h\000a\000m\000s\000a\000g\000a\000a}{section.3.1}% 8
\BOOKMARK [2][-]{subsection.3.1.2}{\376\377\000I\000r\000r\000a\000\040\000B\000u\000t\000a}{section.3.1}% 9
\BOOKMARK [2][-]{subsection.3.1.3}{\376\377\000D\000h\000a\000m\000s\000a\000g\000o\000o\000t\000a\000a\000f\000i\000\040\000F\000i\000r\000s\000a\000g\000o\000o\000t\000a}{section.3.1}% 10
\BOOKMARK [2][-]{subsection.3.1.4}{\376\377\000J\000a\000b\000e\000e\000s\000s\000u\000u}{section.3.1}% 11
\BOOKMARK [1][-]{section.3.2}{\376\377\000A\000d\000d\000e\000e\000s\000s\000a\000\040\000D\000u\000b\000b\000a\000c\000h\000i\000i\000f\000t\000o\000t\000a\000a}{chapter.3}% 12
\BOOKMARK [2][-]{subsection.3.2.1}{\376\377\000F\000a\000c\000a\000'\000i\000n\000s\000a\000\040\000D\000u\000b\000b\000a\000c\000h\000i\000i\000f\000t\000o\000t\000a\000a}{section.3.2}% 13
\BOOKMARK [2][-]{subsection.3.2.2}{\376\377\000W\000a\000l\000m\000o\000r\000k\000i\000i\000\040\000D\000u\000b\000b\000a\000c\000h\000i\000i\000f\000t\000o\000t\000a\000a}{section.3.2}% 14
\BOOKMARK [1][-]{section.3.3}{\376\377\000A\000d\000e\000e\000m\000s\000a\000\040\000D\000h\000a\000m\000s\000a\000g\000a\000a}{chapter.3}% 15
\BOOKMARK [2][-]{subsection.3.3.1}{\376\377\000G\000o\000s\000a\000g\000a\000l\000o\000o\000m\000i\000i\000/\000F\000i\000r\000o\000o\000m\000m\000i\000i}{section.3.3}% 16
\BOOKMARK [2][-]{subsection.3.3.2}{\376\377\000C\000a\000a\000s\000a\000a\000\040\000B\000i\000r\000s\000a\000g\000a}{section.3.3}% 17
\BOOKMARK [0][-]{chapter.4}{\376\377\000X\000i\000n\000d\000h\000a\000m\000j\000e\000c\000h\000a}{}% 18
\BOOKMARK [1][-]{section.4.1}{\376\377\000S\000e\000e\000n\000s\000a}{chapter.4}% 19
\BOOKMARK [1][-]{section.4.2}{\376\377\000M\000a\000q\000a\000a}{chapter.4}% 20
\BOOKMARK [2][-]{subsection.4.2.1}{\376\377\000M\000a\000q\000a\000a\000\040\000D\000h\000a\000l\000a\000t\000o\000o}{section.4.2}% 21
\BOOKMARK [2][-]{subsection.4.2.2}{\376\377\000M\000a\000q\000a\000a\000f\000i\000\040\000K\000o\000r\000n\000e\000y\000a\000a}{section.4.2}% 22
\BOOKMARK [2][-]{subsection.4.2.3}{\376\377\000M\000a\000q\000a\000a\000f\000i\000\040\000L\000a\000k\000k\000o\000o\000f\000s\000a}{section.4.2}% 23
\BOOKMARK [2][-]{subsection.4.2.4}{\376\377\000M\000a\000q\000a\000a\000\040\000B\000e\000e\000k\000a\000m\000a\000a\000f\000i\000\040\000D\000h\000o\000k\000a\000t\000a\000a}{section.4.2}% 24
\BOOKMARK [2][-]{subsection.4.2.5}{\376\377\000M\000a\000a\000y\000i\000i\000\040\000M\000a\000q\000a\000a}{section.4.2}% 25
\BOOKMARK [1][-]{section.4.3}{\376\377\000M\000a\000q\000i\000b\000s\000a}{chapter.4}% 26
\BOOKMARK [2][-]{subsection.4.3.1}{\376\377\000M\000a\000q\000i\000b\000s\000a\000\040\000D\000h\000a\000l\000a\000t\000o\000o}{section.4.3}% 27
\BOOKMARK [2][-]{subsection.4.3.2}{\376\377\000M\000a\000q\000i\000b\000s\000a\000,\000\040\000l\000a\000k\000k\000o\000o\000f\000s\000a\000f\000i\000\040\000k\000o\000r\000n\000e\000y\000a\000a}{section.4.3}% 28
\BOOKMARK [1][-]{section.4.4}{\376\377\000A\000g\000a\000r\000s\000i\000i\000s\000t\000o\000t\000a\000a\000f\000i\000\040\000L\000a\000k\000k\000o\000o\000f\000s\000o\000t\000a}{chapter.4}% 29
\BOOKMARK [2][-]{subsection.4.4.1}{\376\377\000A\000g\000a\000r\000s\000i\000i\000s\000t\000o\000t\000a}{section.4.4}% 30
\BOOKMARK [2][-]{subsection.4.4.2}{\376\377\000L\000a\000k\000k\000o\000o\000f\000s\000a}{section.4.4}% 31
\BOOKMARK [1][-]{section.4.5}{\376\377\000B\000a\000m\000a\000q\000a\000a\000l\000e\000e}{chapter.4}% 32
\BOOKMARK [2][-]{subsection.4.5.1}{\376\377\000\040\000B\000a\000m\000a\000q\000a\000a\000l\000e\000e\000\040\000Q\000a\000b\000e\000e\000n\000t\000a\000a}{section.4.5}% 33
\BOOKMARK [1][-]{section.4.6}{\376\377\000G\000o\000c\000h\000i\000m\000a}{chapter.4}% 34
\BOOKMARK [2][-]{subsection.4.6.1}{\376\377\000R\000a\000m\000a\000d\000d\000i\000i\000\040\000G\000o\000c\000h\000i\000m\000a\000r\000r\000a\000t\000t\000i}{section.4.6}% 35
\BOOKMARK [2][-]{subsection.4.6.2}{\376\377\000H\000e\000n\000n\000a\000a}{section.4.6}% 36
\BOOKMARK [2][-]{subsection.4.6.3}{\376\377\000T\000a\000r\000r\000e\000e\000\040\000G\000o\000c\000h\000i\000m\000a\000a}{section.4.6}% 37
\BOOKMARK [2][-]{subsection.4.6.4}{\376\377\000G\000o\000c\000h\000i\000m\000a\000\040\000D\000h\000a\000l\000a\000t\000o\000o}{section.4.6}% 38
\BOOKMARK [2][-]{subsection.4.6.5}{\376\377\000G\000o\000c\000h\000i\000m\000a\000\040\000T\000a\000h\000u\000u\000/\000T\000a\000'\000u\000u}{section.4.6}% 39
\BOOKMARK [2][-]{subsection.4.6.6}{\376\377\000G\000o\000c\000h\000i\000m\000a\000\040\000Q\000a\000b\000e\000e\000n\000y\000a\000a}{section.4.6}% 40
\BOOKMARK [2][-]{subsection.4.6.7}{\376\377\000J\000e\000c\000h\000o\000o\000t\000a\000\040\000T\000a\000j\000a\000a\000j\000i\000l\000a\000a}{section.4.6}% 41
\BOOKMARK [1][-]{section.4.7}{\376\377\000G\000o\000c\000h\000i\000m\000i\000b\000s\000a}{chapter.4}% 42
\BOOKMARK [0][-]{chapter.5}{\376\377\000C\000a\000a\000s\000h\000i\000m\000a}{}% 43
\BOOKMARK [1][-]{section.5.1}{\376\377\000S\000e\000e\000n\000s\000a}{chapter.5}% 44
\BOOKMARK [1][-]{section.5.2}{\376\377\000G\000a\000a\000l\000e\000e\000\040\000M\000a\000q\000a\000a}{chapter.5}% 45
\BOOKMARK [1][-]{section.5.3}{\376\377\000G\000a\000a\000l\000e\000e\000\040\000M\000a\000q\000i\000b\000s\000a}{chapter.5}% 46
\BOOKMARK [1][-]{section.5.4}{\376\377\000G\000a\000a\000l\000e\000e\000\040\000D\000u\000r\000d\000u\000u\000b\000e\000e\000f\000i\000\040\000G\000o\000c\000h\000i\000m\000i\000b\000s\000a\000a}{chapter.5}% 47
\BOOKMARK [1][-]{section.5.5}{\376\377\000G\000a\000a\000l\000e\000e\000\040\000G\000o\000c\000h\000i\000m\000a\000a}{chapter.5}% 48
\BOOKMARK [2][-]{subsection.5.5.1}{\376\377\000G\000a\000a\000l\000e\000e\000\040\000G\000o\000c\000h\000i\000m\000a\000\040\000H\000a\000f\000o\000o}{section.5.5}% 49
\BOOKMARK [2][-]{subsection.5.5.2}{\376\377\000G\000a\000a\000l\000e\000e\000\040\000G\000o\000c\000h\000i\000m\000a\000\040\000C\000e\000'\000a\000a}{section.5.5}% 50
\BOOKMARK [2][-]{subsection.5.5.3}{\376\377\000G\000a\000a\000l\000e\000e\000\040\000G\000o\000c\000h\000i\000m\000a\000\040\000T\000a\000a\000s\000i\000s\000u\000u}{section.5.5}% 51
\BOOKMARK [2][-]{subsection.5.5.4}{\376\377\000G\000o\000c\000h\000i\000m\000a\000\040\000H\000i\000m\000a\000\040\000G\000u\000u\000t\000t\000u\000\040\000G\000o\000d\000h\000a\000t\000u}{section.5.5}% 52
\BOOKMARK [1][-]{section.5.6}{\376\377\000H\000i\000m\000a}{chapter.5}% 53
\BOOKMARK [2][-]{subsection.5.6.1}{\376\377\000H\000i\000m\000a\000\040\000C\000e\000'\000a\000a}{section.5.6}% 54
\BOOKMARK [2][-]{subsection.5.6.2}{\376\377\000H\000i\000m\000a\000\040\000R\000a\000a\000w\000w\000a\000t\000a\000m\000a\000a}{section.5.6}% 55
\BOOKMARK [2][-]{subsection.5.6.3}{\376\377\000H\000i\000m\000a\000\040\000T\000a\000a\000s\000i\000s\000u\000u}{section.5.6}% 56
\BOOKMARK [2][-]{subsection.5.6.4}{\376\377\000H\000i\000m\000a\000\040\000H\000i\000r\000k\000a\000t\000a\000a}{section.5.6}% 57
\BOOKMARK [0][-]{chapter.6}{\376\377\000H\000i\000i\000k\000c\000a\000a\000s\000i\000m\000a}{}% 58
\BOOKMARK [1][-]{section.6.1}{\376\377\000S\000e\000e\000n\000s\000a}{chapter.6}% 59
\BOOKMARK [1][-]{section.6.2}{\376\377\000H\000i\000i\000k\000c\000a\000a\000s\000i\000m\000a\000\040\000H\000i\000m\000a\000\040\000H\000a\000f\000o\000o}{chapter.6}% 60
\BOOKMARK [1][-]{section.6.3}{\376\377\000H\000i\000i\000k\000c\000a\000a\000s\000i\000m\000a\000\040\000H\000i\000m\000a\000\040\000T\000a\000'\000u\000u}{chapter.6}% 61
\BOOKMARK [1][-]{section.6.4}{\376\377\000H\000i\000i\000k\000c\000a\000a\000s\000i\000m\000a\000\040\000H\000i\000m\000a\000\040\000C\000e\000'\000a\000a}{chapter.6}% 62
\BOOKMARK [1][-]{section.6.5}{\376\377\000H\000i\000i\000k\000c\000a\000a\000s\000i\000m\000a\000\040\000H\000i\000m\000a\000\040\000G\000a\000r\000l\000a\000m\000e\000e\000/\000W\000a\000l\000i\000y\000y\000o\000o}{chapter.6}% 63
\BOOKMARK [1][-]{section.6.6}{\376\377\000H\000i\000i\000k\000c\000a\000a\000s\000i\000m\000a\000\040\000H\000i\000m\000a\000\040\000R\000a\000a\000w\000w\000a\000t\000a\000m\000a\000a}{chapter.6}% 64
\BOOKMARK [2][-]{subsection.6.6.1}{\376\377\000H\000i\000i\000k\000c\000a\000a\000s\000i\000m\000a\000\040\000R\000a\000a\000w\000w\000a\000t\000a\000m\000a\000a\000\040\000D\000h\000u\000u\000n\000f\000a\000a}{section.6.6}% 65
\BOOKMARK [2][-]{subsection.6.6.2}{\376\377\000H\000i\000i\000k\000c\000a\000a\000s\000i\000m\000a\000\040\000R\000a\000a\000w\000w\000a\000t\000a\000m\000a\000a\000\040\000M\000i\000t\000-\000D\000h\000u\000u\000n\000f\000a\000a\000\040}{section.6.6}% 66
\BOOKMARK [1][-]{section.6.7}{\376\377\000H\000i\000i\000k\000c\000a\000a\000s\000i\000m\000a\000\040\000H\000i\000m\000a\000\040\000G\000i\000d\000d\000u\000g\000a\000l\000a\000a\000\040}{chapter.6}% 67
\BOOKMARK [1][-]{section.6.8}{\376\377\000H\000i\000i\000k\000c\000a\000a\000s\000i\000m\000a\000\040\000H\000i\000m\000a\000\040\000T\000a\000a\000s\000i\000s\000u\000u}{chapter.6}% 68
\BOOKMARK [1][-]{section*.76}{\376\377\000K\000i\000t\000a\000a\000b\000i\000l\000e\000e\000\040\000W\000a\000b\000i\000i}{chapter.6}% 69
